f:\c++\memorycheat\pvz\debug\pvz.pch
f:\c++\memorycheat\pvz\debug\vc141.pdb
f:\c++\memorycheat\pvz\debug\vc141.idb
f:\c++\memorycheat\pvz\debug\stdafx.obj
f:\c++\memorycheat\pvz\debug\dialogmain.obj
f:\c++\memorycheat\pvz\debug\pvz.obj
f:\c++\memorycheat\debug\pvz.ilk
f:\c++\memorycheat\debug\pvz.dll
f:\c++\memorycheat\debug\pvz.pdb
f:\c++\memorycheat\debug\pvz.lib
f:\c++\memorycheat\debug\pvz.exp
f:\c++\memorycheat\pvz\debug\pvz.res
f:\c++\memorycheat\pvz\debug\pvz.tlog\cl.command.1.tlog
f:\c++\memorycheat\pvz\debug\pvz.tlog\cl.read.1.tlog
f:\c++\memorycheat\pvz\debug\pvz.tlog\cl.write.1.tlog
f:\c++\memorycheat\pvz\debug\pvz.tlog\link.command.1.tlog
f:\c++\memorycheat\pvz\debug\pvz.tlog\link.read.1.tlog
f:\c++\memorycheat\pvz\debug\pvz.tlog\link.write.1.tlog
f:\c++\memorycheat\pvz\debug\pvz.tlog\pvz.write.1u.tlog
f:\c++\memorycheat\pvz\debug\pvz.tlog\rc.command.1.tlog
f:\c++\memorycheat\pvz\debug\pvz.tlog\rc.read.1.tlog
f:\c++\memorycheat\pvz\debug\pvz.tlog\rc.write.1.tlog
