f:\c++\memorycheat\memorycheat\debug\memorycheat.pch
f:\c++\memorycheat\memorycheat\debug\vc141.pdb
f:\c++\memorycheat\memorycheat\debug\vc141.idb
f:\c++\memorycheat\memorycheat\debug\stdafx.obj
f:\c++\memorycheat\memorycheat\debug\memorycheat.obj
f:\c++\memorycheat\memorycheat\debug\memorycheatdlg.obj
f:\c++\memorycheat\memorycheat\debug\dialogprogress.obj
f:\c++\memorycheat\debug\memorycheat.ilk
f:\c++\memorycheat\debug\memorycheat.exe
f:\c++\memorycheat\debug\memorycheat.pdb
f:\c++\memorycheat\memorycheat\debug\memorycheat.res
f:\c++\memorycheat\memorycheat\debug\memorycheat.tlog\cl.command.1.tlog
f:\c++\memorycheat\memorycheat\debug\memorycheat.tlog\cl.read.1.tlog
f:\c++\memorycheat\memorycheat\debug\memorycheat.tlog\cl.write.1.tlog
f:\c++\memorycheat\memorycheat\debug\memorycheat.tlog\link.command.1.tlog
f:\c++\memorycheat\memorycheat\debug\memorycheat.tlog\link.read.1.tlog
f:\c++\memorycheat\memorycheat\debug\memorycheat.tlog\link.write.1.tlog
f:\c++\memorycheat\memorycheat\debug\memorycheat.tlog\rc.command.1.tlog
f:\c++\memorycheat\memorycheat\debug\memorycheat.tlog\rc.read.1.tlog
f:\c++\memorycheat\memorycheat\debug\memorycheat.tlog\rc.write.1.tlog
